android_keyboard/app/build/intermediates/manifest_merge_blame_file/debug/manifest-merger-blame-debug-report.txt
1<?xml version="1.0" encoding="utf-8"?>
2<manifest xmlns:android="http://schemas.android.com/apk/res/android"
3    package="com.example.kreyolkeyboard"
4    android:versionCode="1"
5    android:versionName="1.0" >
6
7    <uses-sdk
8        android:minSdkVersion="21"
9        android:targetSdkVersion="34" />
10
11    <permission
11-->[androidx.core:core:1.10.1] AndroidManifest.xml:22:5-24:47
12        android:name="com.example.kreyolkeyboard.DYNAMIC_RECEIVER_NOT_EXPORTED_PERMISSION"
12-->[androidx.core:core:1.10.1] AndroidManifest.xml:23:9-81
13        android:protectionLevel="signature" />
13-->[androidx.core:core:1.10.1] AndroidManifest.xml:24:9-44
14
15    <uses-permission android:name="com.example.kreyolkeyboard.DYNAMIC_RECEIVER_NOT_EXPORTED_PERMISSION" />
15-->[androidx.core:core:1.10.1] AndroidManifest.xml:26:5-97
15-->[androidx.core:core:1.10.1] AndroidManifest.xml:26:22-94
16
17    <application
17-->src\main\AndroidManifest.xml:5:5-37:19
18        android:allowBackup="true"
18-->src\main\AndroidManifest.xml:6:9-35
19        android:appComponentFactory="androidx.core.app.CoreComponentFactory"
19-->[androidx.core:core:1.10.1] AndroidManifest.xml:28:18-86
20        android:debuggable="true"
21        android:extractNativeLibs="true"
22        android:icon="@android:drawable/ic_dialog_info"
22-->src\main\AndroidManifest.xml:7:9-56
23        android:label="@string/app_name"
23-->src\main\AndroidManifest.xml:8:9-41
24        android:supportsRtl="true"
24-->src\main\AndroidManifest.xml:9:9-35
25        android:theme="@style/Theme.AppCompat" >
25-->src\main\AndroidManifest.xml:10:9-47
26
27        <!-- Service du clavier IME -->
28        <service
28-->src\main\AndroidManifest.xml:13:9-24:19
29            android:name="com.example.kreyolkeyboard.KreyolInputMethodService"
29-->src\main\AndroidManifest.xml:14:13-53
30            android:exported="true"
30-->src\main\AndroidManifest.xml:17:13-36
31            android:label="@string/keyboard_name"
31-->src\main\AndroidManifest.xml:15:13-50
32            android:permission="android.permission.BIND_INPUT_METHOD" >
32-->src\main\AndroidManifest.xml:16:13-70
33            <intent-filter>
33-->src\main\AndroidManifest.xml:18:13-20:29
34                <action android:name="android.view.InputMethod" />
34-->src\main\AndroidManifest.xml:19:17-67
34-->src\main\AndroidManifest.xml:19:25-64
35            </intent-filter>
36
37            <meta-data
37-->src\main\AndroidManifest.xml:21:13-23:50
38                android:name="android.view.im"
38-->src\main\AndroidManifest.xml:22:17-47
39                android:resource="@xml/method" />
39-->src\main\AndroidManifest.xml:23:17-47
40        </service>
41
42        <!-- Activity de configuration -->
43        <activity
43-->src\main\AndroidManifest.xml:27:9-35:20
44            android:name="com.example.kreyolkeyboard.SettingsActivity"
44-->src\main\AndroidManifest.xml:28:13-45
45            android:exported="true"
45-->src\main\AndroidManifest.xml:30:13-36
46            android:label="Paramètres Klavié Kreyòl" >
46-->src\main\AndroidManifest.xml:29:13-53
47            <intent-filter>
47-->src\main\AndroidManifest.xml:31:13-34:29
48                <action android:name="android.intent.action.MAIN" />
48-->src\main\AndroidManifest.xml:32:17-69
48-->src\main\AndroidManifest.xml:32:25-66
49
50                <category android:name="android.intent.category.LAUNCHER" />
50-->src\main\AndroidManifest.xml:33:17-77
50-->src\main\AndroidManifest.xml:33:27-74
51            </intent-filter>
52        </activity>
53
54        <provider
54-->[androidx.emoji2:emoji2:1.2.0] AndroidManifest.xml:24:9-32:20
55            android:name="androidx.startup.InitializationProvider"
55-->[androidx.emoji2:emoji2:1.2.0] AndroidManifest.xml:25:13-67
56            android:authorities="com.example.kreyolkeyboard.androidx-startup"
56-->[androidx.emoji2:emoji2:1.2.0] AndroidManifest.xml:26:13-68
57            android:exported="false" >
57-->[androidx.emoji2:emoji2:1.2.0] AndroidManifest.xml:27:13-37
58            <meta-data
58-->[androidx.emoji2:emoji2:1.2.0] AndroidManifest.xml:29:13-31:52
59                android:name="androidx.emoji2.text.EmojiCompatInitializer"
59-->[androidx.emoji2:emoji2:1.2.0] AndroidManifest.xml:30:17-75
60                android:value="androidx.startup" />
60-->[androidx.emoji2:emoji2:1.2.0] AndroidManifest.xml:31:17-49
61            <meta-data
61-->[androidx.lifecycle:lifecycle-process:2.4.1] AndroidManifest.xml:31:13-33:52
62                android:name="androidx.lifecycle.ProcessLifecycleInitializer"
62-->[androidx.lifecycle:lifecycle-process:2.4.1] AndroidManifest.xml:32:17-78
63                android:value="androidx.startup" />
63-->[androidx.lifecycle:lifecycle-process:2.4.1] AndroidManifest.xml:33:17-49
64        </provider>
65    </application>
66
67</manifest>